\BOOKMARK [1][-]{section.1}{\376\377\000P\000a\000g\000e\000\040\000B\000r\000e\000a\000k}{}% 1
\BOOKMARK [1][-]{section.2}{\376\377\000P\000a\000g\000e\000\040\000B\000r\000e\000a\000k}{}% 2
\BOOKMARK [1][-]{section.3}{\376\377\000P\000r\000o\000b\000l\000e\000m\000\040\000F\000o\000r\000m\000u\000l\000a\000t\000i\000o\000n}{}% 3
\BOOKMARK [1][-]{section.4}{\376\377\000O\000b\000j\000e\000c\000t\000\040\000M\000o\000d\000e\000l\000i\000n\000g}{}% 4
\BOOKMARK [2][-]{subsection.4.1}{\376\377\000O\000b\000j\000e\000c\000t\000\040\000K\000i\000n\000e\000m\000a\000t\000i\000c\000s}{section.4}% 5
\BOOKMARK [2][-]{subsection.4.2}{\376\377\000O\000b\000j\000e\000c\000t\000\040\000D\000y\000n\000a\000m\000i\000c\000s\000\040\000\050\000Q\000u\000a\000s\000i\000-\000S\000t\000a\000t\000i\000c\000\040\000M\000o\000d\000e\000l\000\051}{section.4}% 6
\BOOKMARK [1][-]{section.5}{\376\377\000C\000R\000I\000S\000P}{}% 7
\BOOKMARK [2][-]{subsection.5.1}{\376\377\000M\000e\000r\000i\000t\000\040\000F\000u\000n\000c\000t\000i\000o\000n\000\040\000a\000n\000d\000\040\000E\000x\000a\000c\000t\000-\000P\000e\000n\000a\000l\000t\000y\000\040\000F\000o\000r\000m}{section.5}% 8
\BOOKMARK [2][-]{subsection.5.2}{\376\377\000S\000Q\000P\000\040\000S\000u\000b\000p\000r\000o\000b\000l\000e\000m\000\040\000w\000i\000t\000h\000\040\000T\000r\000u\000s\000t\000\040\000R\000e\000g\000i\000o\000n}{section.5}% 9
\BOOKMARK [2][-]{subsection.5.3}{\376\377\000A\000l\000g\000o\000r\000i\000t\000h\000m}{section.5}% 10
\BOOKMARK [2][-]{subsection.5.4}{\376\377\000O\000b\000j\000e\000c\000t\000i\000v\000e\000\040\000F\000u\000n\000c\000t\000i\000o\000n}{section.5}% 11
\BOOKMARK [2][-]{subsection.5.5}{\376\377\000E\000q\000u\000a\000l\000i\000t\000y\000\040\000a\000n\000d\000\040\000I\000n\000e\000q\000u\000a\000l\000i\000t\000y\000\040\000C\000o\000n\000s\000t\000r\000a\000i\000n\000t\000s}{section.5}% 12
\BOOKMARK [2][-]{subsection.5.6}{\376\377\000C\000R\000I\000S\000P\000\040\000M\000o\000d\000e\000l\000s}{section.5}% 13
\BOOKMARK [3][-]{subsubsection.5.6.1}{\376\377\000\050\000M\0001\000\051\000\040\000F\000o\000u\000r\000\040\000f\000a\000c\000e\000-\000a\000l\000i\000g\000n\000e\000d\000\040\000f\000o\000r\000c\000e\000s\000\040\000\050\000r\000e\000c\000t\000a\000n\000g\000l\000e\000\051}{subsection.5.6}% 14
\BOOKMARK [3][-]{subsubsection.5.6.2}{\376\377\000\050\000M\0002\000\051\000\040\000O\000n\000e\000\040\000r\000e\000s\000u\000l\000t\000a\000n\000t\000\040\000f\000o\000r\000c\000e}{subsection.5.6}% 15
\BOOKMARK [3][-]{subsubsection.5.6.3}{\376\377\000\050\000M\0003\000\051\000\040\000\040\000s\000u\000r\000r\000o\000g\000a\000t\000e\000:}{subsection.5.6}% 16
\BOOKMARK [3][-]{subsubsection.5.6.4}{\376\377\000\050\000M\0004\000\051\000\040\000S\000D\000F\000-\000n\000o\000r\000m\000a\000l}{subsection.5.6}% 17
\BOOKMARK [2][-]{subsection.5.7}{\376\377\000I\000m\000p\000l\000e\000m\000e\000n\000t\000a\000t\000i\000o\000n\000\040\000N\000o\000t\000e\000s\000\040\000a\000n\000d\000\040\000C\000o\000d\000e\000\040\000M\000a\000p\000p\000i\000n\000g}{section.5}% 18
\BOOKMARK [1][-]{section.6}{\376\377\000P\000a\000g\000e\000\040\000B\000r\000e\000a\000k}{}% 19
\BOOKMARK [1][-]{section.7}{\376\377\000P\000a\000g\000e\000\040\000B\000r\000e\000a\000k}{}% 20
\BOOKMARK [1][-]{section.8}{\376\377\000P\000a\000g\000e\000\040\000B\000r\000e\000a\000k}{}% 21
\BOOKMARK [1][-]{section.9}{\376\377\000I\000n\000t\000r\000o\000d\000u\000c\000t\000i\000o\000n}{}% 22
\BOOKMARK [1][-]{section.10}{\376\377\000R\000e\000l\000a\000t\000e\000d\000\040\000W\000o\000r\000k}{}% 23
\BOOKMARK [2][-]{subsection.10.1}{\376\377\000S\000a\000m\000p\000l\000i\000n\000g\000-\000B\000a\000s\000e\000d\000\040\000M\000o\000d\000e\000l\000\040\000P\000r\000e\000d\000i\000c\000t\000i\000v\000e\000\040\000C\000o\000n\000t\000r\000o\000l}{section.10}% 24
\BOOKMARK [2][-]{subsection.10.2}{\376\377\000C\000o\000n\000t\000a\000c\000t\000-\000I\000m\000p\000l\000i\000c\000i\000t\000\040\000M\000o\000t\000i\000o\000n\000\040\000a\000n\000d\000\040\000M\000P\000C}{section.10}% 25
\BOOKMARK [2][-]{subsection.10.3}{\376\377\000E\000n\000v\000i\000r\000o\000n\000m\000e\000n\000t\000-\000A\000w\000a\000r\000e\000\040\000C\000o\000n\000t\000r\000o\000l\000\040\000a\000n\000d\000\040\000S\000D\000F\000\040\000R\000e\000p\000r\000e\000s\000e\000n\000t\000a\000t\000i\000o\000n\000s}{section.10}% 26
\BOOKMARK [1][-]{section.11}{\376\377\000T\000e\000c\000h\000n\000i\000c\000a\000l\000\040\000A\000p\000p\000r\000o\000a\000c\000h}{}% 27
\BOOKMARK [1][-]{section.12}{\376\377\000P\000r\000e\000l\000i\000m\000i\000n\000a\000r\000y}{}% 28
\BOOKMARK [1][-]{section.13}{\376\377\000C\000o\000s\000t\000-\000F\000u\000n\000c\000t\000i\000o\000n\000\040\000D\000e\000s\000i\000g\000n}{}% 29
\BOOKMARK [1][-]{section.14}{\376\377\000R\000e\000s\000u\000l\000t\000s\000\040\000\046\000\040\000E\000v\000a\000l\000u\000a\000t\000i\000o\000n}{}% 30
\BOOKMARK [1][-]{section.15}{\376\377\000C\000o\000n\000c\000l\000u\000s\000i\000o\000n}{}% 31
\BOOKMARK [1][-]{section.16}{\376\377\000R\000e\000q\000u\000i\000r\000e\000m\000e\000n\000t\000s}{}% 32
\BOOKMARK [1][-]{section.17}{\376\377\000T\000o\000p\000i\000c\000s}{}% 33
\BOOKMARK [2][-]{subsection.17.1}{\376\377\000R\000S\000S\000\040\000H\000y\000p\000e\000r\000l\000i\000n\000k\000s}{section.17}% 34
